<?xml version="1.0" encoding="utf-8"?><testsuites name="pytest tests"><testsuite name="pytest" errors="0" failures="0" skipped="0" tests="13" time="4.787" timestamp="2026-01-15T21:05:43.207996+00:00" hostname="agent-env-9ccc67c4-ee68-4764-b871-025389a06672"><testcase classname="tests.test_bug_fixes_iteration5.TestAuthentication" name="test_login_general_manager" time="0.329" /><testcase classname="tests.test_bug_fixes_iteration5.TestAuthentication" name="test_login_procurement_manager" time="0.295" /><testcase classname="tests.test_bug_fixes_iteration5.TestSettingsAPI" name="test_get_settings_as_general_manager" time="0.457" /><testcase classname="tests.test_bug_fixes_iteration5.TestSettingsAPI" name="test_get_settings_as_procurement_manager" time="0.373" /><testcase classname="tests.test_bug_fixes_iteration5.TestSettingsAPI" name="test_update_setting_as_general_manager" time="0.456" /><testcase classname="tests.test_bug_fixes_iteration5.TestReportsAPI" name="test_cost_savings_report_has_summary" time="0.331" /><testcase classname="tests.test_bug_fixes_iteration5.TestReportsAPI" name="test_cost_savings_report_has_by_project" time="0.330" /><testcase classname="tests.test_bug_fixes_iteration5.TestReportsAPI" name="test_cost_savings_report_as_gm" time="0.345" /><testcase classname="tests.test_bug_fixes_iteration5.TestGMOrdersAPI" name="test_gm_all_orders_returns_items" time="0.345" /><testcase classname="tests.test_bug_fixes_iteration5.TestGMOrdersAPI" name="test_gm_pending_orders_returns_items" time="0.321" /><testcase classname="tests.test_bug_fixes_iteration5.TestGMOrdersAPI" name="test_gm_all_orders_with_filter" time="0.382" /><testcase classname="tests.test_bug_fixes_iteration5.TestPriceCatalogInPurchaseOrder" name="test_price_catalog_exists" time="0.344" /><testcase classname="tests.test_bug_fixes_iteration5.TestPriceCatalogInPurchaseOrder" name="test_purchase_orders_have_item_prices" time="0.329" /></testsuite></testsuites>