<?xml version="1.0" encoding="utf-8"?><testsuites name="pytest tests"><testsuite name="pytest" errors="0" failures="1" skipped="0" tests="33" time="58.866" timestamp="2026-01-13T22:59:37.790042+00:00" hostname="agent-env-3f719071-75e4-41a2-a139-560da76ab7d9"><testcase classname="tests.test_material_request_system.TestHealthCheck" name="test_root_health_check" time="0.095" /><testcase classname="tests.test_material_request_system.TestHealthCheck" name="test_pg_health_check" time="0.711" /><testcase classname="tests.test_material_request_system.TestAuthentication" name="test_login_system_admin" time="0.939" /><testcase classname="tests.test_material_request_system.TestAuthentication" name="test_login_procurement_manager" time="0.933" /><testcase classname="tests.test_material_request_system.TestAuthentication" name="test_login_general_manager" time="0.984" /><testcase classname="tests.test_material_request_system.TestAuthentication" name="test_login_engineer" time="0.940" /><testcase classname="tests.test_material_request_system.TestAuthentication" name="test_login_supervisor" time="0.935" /><testcase classname="tests.test_material_request_system.TestAuthentication" name="test_login_invalid_credentials" time="0.724" /><testcase classname="tests.test_material_request_system.TestAuthentication" name="test_get_current_user" time="1.634" /><testcase classname="tests.test_material_request_system.TestSystemAdminDashboard" name="test_get_system_stats" time="2.314" /><testcase classname="tests.test_material_request_system.TestSystemAdminDashboard" name="test_get_all_users" time="1.767" /><testcase classname="tests.test_material_request_system.TestSystemAdminDashboard" name="test_get_company_settings" time="2.625" /><testcase classname="tests.test_material_request_system.TestDomainSettings" name="test_get_domain_status" time="1.642" /><testcase classname="tests.test_material_request_system.TestDomainSettings" name="test_get_dns_instructions" time="1.652" /><testcase classname="tests.test_material_request_system.TestProjects" name="test_get_projects_list" time="2.066" /><testcase classname="tests.test_material_request_system.TestProjects" name="test_create_project" time="2.317"><failure message="assert 520 in [200, 201]&#10; +  where 520 = &lt;Response [520]&gt;.status_code">tests/test_material_request_system.py:245: in test_create_project
    assert response.status_code in [200, 201]
E   assert 520 in [200, 201]
E    +  where 520 = &lt;Response [520]&gt;.status_code</failure></testcase><testcase classname="tests.test_material_request_system.TestSuppliers" name="test_get_suppliers_list" time="1.772" /><testcase classname="tests.test_material_request_system.TestSuppliers" name="test_create_supplier" time="1.746" /><testcase classname="tests.test_material_request_system.TestBudgetCategories" name="test_get_default_budget_categories" time="1.866" /><testcase classname="tests.test_material_request_system.TestBudgetCategories" name="test_get_budget_categories" time="2.665" /><testcase classname="tests.test_material_request_system.TestMaterialRequests" name="test_get_requests_list" time="2.642" /><testcase classname="tests.test_material_request_system.TestEngineerDashboard" name="test_get_engineer_requests" time="2.664" /><testcase classname="tests.test_material_request_system.TestProcurementDashboard" name="test_get_requests_list" time="2.881" /><testcase classname="tests.test_material_request_system.TestProcurementDashboard" name="test_get_purchase_orders" time="2.535" /><testcase classname="tests.test_material_request_system.TestGeneralManagerDashboard" name="test_get_pending_orders" time="1.754" /><testcase classname="tests.test_material_request_system.TestGeneralManagerDashboard" name="test_get_all_orders_gm_approved" time="1.772" /><testcase classname="tests.test_material_request_system.TestGeneralManagerDashboard" name="test_get_all_orders_manager_approved" time="1.737" /><testcase classname="tests.test_material_request_system.TestSystemTools" name="test_get_system_info" time="2.737" /><testcase classname="tests.test_material_request_system.TestSystemTools" name="test_get_database_stats" time="2.659" /><testcase classname="tests.test_material_request_system.TestSystemTools" name="test_get_system_logs" time="1.630" /><testcase classname="tests.test_material_request_system.TestSystemTools" name="test_check_updates" time="1.768" /><testcase classname="tests.test_material_request_system.TestAuditLogs" name="test_get_audit_logs" time="1.758" /><testcase classname="tests.test_material_request_system.TestSettings" name="test_get_settings" time="1.896" /></testsuite></testsuites>