<?xml version="1.0" encoding="utf-8"?><testsuites name="pytest tests"><testsuite name="pytest" errors="0" failures="0" skipped="0" tests="10" time="1.652" timestamp="2026-01-17T01:29:57.056014+00:00" hostname="agent-env-4f031e39-9a43-47d7-88fa-87ea9be049f7"><testcase classname="tests.test_po_bug_fixes.TestOrderNumberFormat" name="test_purchase_orders_api_returns_order_number" time="0.386" /><testcase classname="tests.test_po_bug_fixes.TestOrderNumberFormat" name="test_delivery_tracker_orders_returns_order_number" time="0.330" /><testcase classname="tests.test_po_bug_fixes.TestSupplierInvoiceRestriction" name="test_procurement_manager_cannot_update_invoice" time="0.045" /><testcase classname="tests.test_po_bug_fixes.TestSupplierInvoiceRestriction" name="test_engineer_cannot_update_invoice" time="0.370" /><testcase classname="tests.test_po_bug_fixes.TestSupplierInvoiceRestriction" name="test_delivery_tracker_can_update_invoice" time="0.055" /><testcase classname="tests.test_po_bug_fixes.TestDeliveryTrackerAPIs" name="test_delivery_tracker_stats" time="0.044" /><testcase classname="tests.test_po_bug_fixes.TestDeliveryTrackerAPIs" name="test_delivery_tracker_orders" time="0.080" /><testcase classname="tests.test_po_bug_fixes.TestDeliveryTrackerAPIs" name="test_non_delivery_tracker_cannot_access_stats" time="0.047" /><testcase classname="tests.test_po_bug_fixes.TestDeliveryTrackerAPIs" name="test_non_delivery_tracker_cannot_access_orders" time="0.062" /><testcase classname="tests.test_po_bug_fixes.TestCatalogItemLinking" name="test_order_items_have_catalog_fields" time="0.043" /></testsuite></testsuites>