<?xml version="1.0" encoding="utf-8"?><testsuites name="pytest tests"><testsuite name="pytest" errors="0" failures="0" skipped="1" tests="18" time="13.283" timestamp="2026-01-13T14:41:56.160004+00:00" hostname="agent-env-5fbad729-3523-4748-b1f8-4ed53d966a46"><testcase classname="tests.test_system_tools.TestSystemAdminLogin" name="test_login_success" time="1.086" /><testcase classname="tests.test_system_tools.TestSystemAdminLogin" name="test_login_invalid_credentials" time="0.818" /><testcase classname="tests.test_system_tools.TestSystemInfo" name="test_get_system_info_success" time="2.755" /><testcase classname="tests.test_system_tools.TestSystemInfo" name="test_get_system_info_unauthorized" time="0.034" /><testcase classname="tests.test_system_tools.TestCheckUpdates" name="test_check_updates_success" time="0.696" /><testcase classname="tests.test_system_tools.TestCheckUpdates" name="test_check_updates_unauthorized" time="0.056" /><testcase classname="tests.test_system_tools.TestDatabaseStats" name="test_get_database_stats_success" time="2.267" /><testcase classname="tests.test_system_tools.TestDatabaseStats" name="test_get_database_stats_unauthorized" time="0.037" /><testcase classname="tests.test_system_tools.TestSystemLogs" name="test_get_system_logs_success" time="1.693" /><testcase classname="tests.test_system_tools.TestSystemLogs" name="test_get_system_logs_with_level_filter" time="0.703" /><testcase classname="tests.test_system_tools.TestSystemLogs" name="test_get_system_logs_with_limit" time="0.699" /><testcase classname="tests.test_system_tools.TestSystemLogs" name="test_get_system_logs_unauthorized" time="0.053" /><testcase classname="tests.test_system_tools.TestAddLogEntry" name="test_add_log_entry_info" time="0.040" /><testcase classname="tests.test_system_tools.TestAddLogEntry" name="test_add_log_entry_warning" time="0.043" /><testcase classname="tests.test_system_tools.TestAddLogEntry" name="test_add_log_entry_error" time="0.033" /><testcase classname="tests.test_system_tools.TestApplyUpdate" name="test_apply_update_success" time="0.699" /><testcase classname="tests.test_system_tools.TestApplyUpdate" name="test_apply_update_unauthorized" time="0.035" /><testcase classname="tests.test_system_tools.TestNonAdminAccess" name="test_system_info_forbidden_for_non_admin" time="1.399"><skipped type="pytest.skip" message="No non-admin user available for testing">/app/tests/test_system_tools.py:340: No non-admin user available for testing</skipped></testcase></testsuite></testsuites>