<?xml version="1.0" encoding="utf-8"?><testsuites name="pytest tests"><testsuite name="pytest" errors="0" failures="0" skipped="0" tests="21" time="7.251" timestamp="2026-01-16T21:58:03.973261+00:00" hostname="agent-env-af28236b-db00-4434-99af-659f0426196f"><testcase classname="tests.test_quantity_engineer_features.TestSystemAdminUserManagement" name="test_admin_login" time="0.319" /><testcase classname="tests.test_quantity_engineer_features.TestSystemAdminUserManagement" name="test_get_users_list" time="0.317" /><testcase classname="tests.test_quantity_engineer_features.TestSystemAdminUserManagement" name="test_create_quantity_engineer_user" time="0.322" /><testcase classname="tests.test_quantity_engineer_features.TestQuantityEngineerLogin" name="test_quantity_engineer_login" time="0.279" /><testcase classname="tests.test_quantity_engineer_features.TestQuantityEngineerLogin" name="test_quantity_engineer_me_endpoint" time="0.318" /><testcase classname="tests.test_quantity_engineer_features.TestQuantityEngineerDashboard" name="test_dashboard_stats" time="0.324" /><testcase classname="tests.test_quantity_engineer_features.TestQuantityEngineerDashboard" name="test_get_projects_list" time="0.318" /><testcase classname="tests.test_quantity_engineer_features.TestPlannedQuantities" name="test_get_planned_quantities" time="0.315" /><testcase classname="tests.test_quantity_engineer_features.TestPlannedQuantities" name="test_get_planned_quantities_with_filters" time="0.407" /><testcase classname="tests.test_quantity_engineer_features.TestPlannedQuantities" name="test_create_planned_quantity" time="0.365" /><testcase classname="tests.test_quantity_engineer_features.TestPlannedQuantities" name="test_update_planned_quantity" time="0.413" /><testcase classname="tests.test_quantity_engineer_features.TestPlannedQuantities" name="test_delete_planned_quantity" time="0.412" /><testcase classname="tests.test_quantity_engineer_features.TestQuantityExportImport" name="test_download_template" time="0.324" /><testcase classname="tests.test_quantity_engineer_features.TestQuantityExportImport" name="test_export_planned_quantities" time="0.336" /><testcase classname="tests.test_quantity_engineer_features.TestQuantityReports" name="test_quantity_summary_report" time="0.331" /><testcase classname="tests.test_quantity_engineer_features.TestAdvancedReports" name="test_supplier_performance_report" time="0.321" /><testcase classname="tests.test_quantity_engineer_features.TestAdvancedReports" name="test_price_variance_report" time="0.320" /><testcase classname="tests.test_quantity_engineer_features.TestPriceCatalogExport" name="test_export_catalog_to_excel" time="0.323" /><testcase classname="tests.test_quantity_engineer_features.TestPriceCatalogExport" name="test_export_catalog_to_csv" time="0.361" /><testcase classname="tests.test_quantity_engineer_features.TestPriceCatalogExport" name="test_get_catalog_template" time="0.323" /><testcase classname="tests.test_quantity_engineer_features.TestCleanup" name="test_cleanup_test_items" time="0.416" /></testsuite></testsuites>