<?xml version="1.0" encoding="utf-8"?><testsuites name="pytest tests"><testsuite name="pytest" errors="0" failures="0" skipped="0" tests="15" time="6.590" timestamp="2026-01-16T22:26:57.255726+00:00" hostname="agent-env-1cd80836-a40b-4dda-b34d-0d0733099a04"><testcase classname="tests.test_quantity_engineer_rebuilt.TestQuantityEngineerLogin" name="test_quantity_engineer_login" time="0.320" /><testcase classname="tests.test_quantity_engineer_rebuilt.TestDashboardStats" name="test_dashboard_stats" time="0.332" /><testcase classname="tests.test_quantity_engineer_rebuilt.TestCatalogItems" name="test_get_catalog_items" time="0.328" /><testcase classname="tests.test_quantity_engineer_rebuilt.TestCatalogItems" name="test_search_catalog_items" time="0.369" /><testcase classname="tests.test_quantity_engineer_rebuilt.TestPlannedQuantitiesCRUD" name="test_get_planned_quantities" time="0.322" /><testcase classname="tests.test_quantity_engineer_rebuilt.TestPlannedQuantitiesCRUD" name="test_create_planned_quantity_with_catalog_item" time="0.454" /><testcase classname="tests.test_quantity_engineer_rebuilt.TestPlannedQuantitiesCRUD" name="test_create_without_catalog_item_fails" time="0.379" /><testcase classname="tests.test_quantity_engineer_rebuilt.TestPlannedQuantitiesCRUD" name="test_update_planned_quantity" time="0.490" /><testcase classname="tests.test_quantity_engineer_rebuilt.TestPlannedQuantitiesCRUD" name="test_delete_planned_quantity" time="0.482" /><testcase classname="tests.test_quantity_engineer_rebuilt.TestAlerts" name="test_get_alerts" time="0.331" /><testcase classname="tests.test_quantity_engineer_rebuilt.TestReports" name="test_reports_summary" time="0.361" /><testcase classname="tests.test_quantity_engineer_rebuilt.TestDeductQuantity" name="test_deduct_quantity" time="0.841" /><testcase classname="tests.test_quantity_engineer_rebuilt.TestDeductQuantity" name="test_qe_cannot_deduct" time="0.468" /><testcase classname="tests.test_quantity_engineer_rebuilt.TestExport" name="test_export_to_excel" time="0.328" /><testcase classname="tests.test_quantity_engineer_rebuilt.TestCleanup" name="test_cleanup_test_items" time="0.570" /></testsuite></testsuites>