<?xml version="1.0" encoding="utf-8"?><testsuites name="pytest tests"><testsuite name="pytest" errors="3" failures="1" skipped="0" tests="21" time="7.485" timestamp="2026-01-16T21:57:27.132830+00:00" hostname="agent-env-af28236b-db00-4434-99af-659f0426196f"><testcase classname="tests.test_quantity_engineer_features.TestSystemAdminUserManagement" name="test_admin_login" time="0.328" /><testcase classname="tests.test_quantity_engineer_features.TestSystemAdminUserManagement" name="test_get_users_list" time="0.323" /><testcase classname="tests.test_quantity_engineer_features.TestSystemAdminUserManagement" name="test_create_quantity_engineer_user" time="0.323" /><testcase classname="tests.test_quantity_engineer_features.TestQuantityEngineerLogin" name="test_quantity_engineer_login" time="0.283" /><testcase classname="tests.test_quantity_engineer_features.TestQuantityEngineerLogin" name="test_quantity_engineer_me_endpoint" time="0.318" /><testcase classname="tests.test_quantity_engineer_features.TestQuantityEngineerDashboard" name="test_dashboard_stats" time="0.546" /><testcase classname="tests.test_quantity_engineer_features.TestQuantityEngineerDashboard" name="test_get_projects_list" time="0.361"><failure message="AttributeError: 'list' object has no attribute 'get'">tests/test_quantity_engineer_features.py:169: in test_get_projects_list
    print(f"âœ“ Got projects list: {len(data.get('projects', []))} projects")
                                      ^^^^^^^^
E   AttributeError: 'list' object has no attribute 'get'</failure></testcase><testcase classname="tests.test_quantity_engineer_features.TestPlannedQuantities" name="test_get_planned_quantities" time="0.380" /><testcase classname="tests.test_quantity_engineer_features.TestPlannedQuantities" name="test_get_planned_quantities_with_filters" time="0.449" /><testcase classname="tests.test_quantity_engineer_features.TestPlannedQuantities" name="test_create_planned_quantity" time="0.355"><error message="failed on setup with &quot;AttributeError: 'list' object has no attribute 'get'&quot;">tests/test_quantity_engineer_features.py:190: in project_id
    projects = response.json().get('projects', [])
               ^^^^^^^^^^^^^^^^^^^
E   AttributeError: 'list' object has no attribute 'get'</error></testcase><testcase classname="tests.test_quantity_engineer_features.TestPlannedQuantities" name="test_update_planned_quantity" time="0.316"><error message="failed on setup with &quot;AttributeError: 'list' object has no attribute 'get'&quot;">tests/test_quantity_engineer_features.py:190: in project_id
    projects = response.json().get('projects', [])
               ^^^^^^^^^^^^^^^^^^^
E   AttributeError: 'list' object has no attribute 'get'</error></testcase><testcase classname="tests.test_quantity_engineer_features.TestPlannedQuantities" name="test_delete_planned_quantity" time="0.316"><error message="failed on setup with &quot;AttributeError: 'list' object has no attribute 'get'&quot;">tests/test_quantity_engineer_features.py:190: in project_id
    projects = response.json().get('projects', [])
               ^^^^^^^^^^^^^^^^^^^
E   AttributeError: 'list' object has no attribute 'get'</error></testcase><testcase classname="tests.test_quantity_engineer_features.TestQuantityExportImport" name="test_download_template" time="0.322" /><testcase classname="tests.test_quantity_engineer_features.TestQuantityExportImport" name="test_export_planned_quantities" time="0.327" /><testcase classname="tests.test_quantity_engineer_features.TestQuantityReports" name="test_quantity_summary_report" time="0.346" /><testcase classname="tests.test_quantity_engineer_features.TestAdvancedReports" name="test_supplier_performance_report" time="0.319" /><testcase classname="tests.test_quantity_engineer_features.TestAdvancedReports" name="test_price_variance_report" time="0.324" /><testcase classname="tests.test_quantity_engineer_features.TestPriceCatalogExport" name="test_export_catalog_to_excel" time="0.328" /><testcase classname="tests.test_quantity_engineer_features.TestPriceCatalogExport" name="test_export_catalog_to_csv" time="0.318" /><testcase classname="tests.test_quantity_engineer_features.TestPriceCatalogExport" name="test_get_catalog_template" time="0.330" /><testcase classname="tests.test_quantity_engineer_features.TestCleanup" name="test_cleanup_test_items" time="0.321" /></testsuite></testsuites>