<?xml version="1.0" encoding="utf-8"?><testsuites name="pytest tests"><testsuite name="pytest" errors="0" failures="0" skipped="0" tests="19" time="14.202" timestamp="2026-01-13T15:08:32.400218+00:00" hostname="agent-env-5fbad729-3523-4748-b1f8-4ed53d966a46"><testcase classname="tests.test_setup_apis.TestSetupStatus" name="test_get_setup_status_returns_200" time="0.076" /><testcase classname="tests.test_setup_apis.TestSetupStatus" name="test_setup_status_response_structure" time="0.039" /><testcase classname="tests.test_setup_apis.TestSetupStatus" name="test_setup_status_shows_configured" time="0.040" /><testcase classname="tests.test_setup_apis.TestSetupStatus" name="test_setup_status_includes_db_info" time="0.037" /><testcase classname="tests.test_setup_apis.TestSetupPresets" name="test_get_presets_returns_200" time="0.036" /><testcase classname="tests.test_setup_apis.TestSetupPresets" name="test_presets_response_structure" time="0.035" /><testcase classname="tests.test_setup_apis.TestSetupPresets" name="test_presets_contain_required_fields" time="0.036" /><testcase classname="tests.test_setup_apis.TestSetupPresets" name="test_presets_include_common_providers" time="0.040" /><testcase classname="tests.test_setup_apis.TestConnectionTest" name="test_valid_connection_returns_success" time="1.223" /><testcase classname="tests.test_setup_apis.TestConnectionTest" name="test_valid_connection_returns_postgres_version" time="1.081" /><testcase classname="tests.test_setup_apis.TestConnectionTest" name="test_invalid_host_returns_failure" time="0.146" /><testcase classname="tests.test_setup_apis.TestConnectionTest" name="test_invalid_credentials_returns_auth_error" time="0.659" /><testcase classname="tests.test_setup_apis.TestConnectionTest" name="test_missing_required_fields_returns_422" time="0.047" /><testcase classname="tests.test_setup_apis.TestCompleteSetup" name="test_complete_setup_without_admin_returns_success" time="4.988" /><testcase classname="tests.test_setup_apis.TestCompleteSetup" name="test_complete_setup_response_structure" time="4.977" /><testcase classname="tests.test_setup_apis.TestCompleteSetup" name="test_complete_setup_with_invalid_db_returns_400" time="0.484" /><testcase classname="tests.test_setup_apis.TestCompleteSetup" name="test_complete_setup_missing_database_returns_422" time="0.055" /><testcase classname="tests.test_setup_apis.TestSetupReset" name="test_reset_endpoint_exists" time="0.038" /><testcase classname="tests.test_setup_apis.TestSetupReset" name="test_reset_response_structure" time="0.040" /></testsuite></testsuites>